Determining if the pthread_create exist failed with the following output:
Change Dir: /home/yikun/Workspaces/dqn-in-the-caffe/xitari/CMakeFiles/CMakeTmp

Run Build Command:/usr/bin/make "cmTryCompileExec3742970670/fast"
/usr/bin/make -f CMakeFiles/cmTryCompileExec3742970670.dir/build.make CMakeFiles/cmTryCompileExec3742970670.dir/build
make[1]: Entering directory `/home/yikun/Workspaces/dqn-in-the-caffe/xitari/CMakeFiles/CMakeTmp'
/usr/bin/cmake -E cmake_progress_report /home/yikun/Workspaces/dqn-in-the-caffe/xitari/CMakeFiles/CMakeTmp/CMakeFiles 1
Building C object CMakeFiles/cmTryCompileExec3742970670.dir/CheckSymbolExists.c.o
/usr/bin/cc   -O3    -o CMakeFiles/cmTryCompileExec3742970670.dir/CheckSymbolExists.c.o   -c /home/yikun/Workspaces/dqn-in-the-caffe/xitari/CMakeFiles/CMakeTmp/CheckSymbolExists.c
Linking C executable cmTryCompileExec3742970670
/usr/bin/cmake -E cmake_link_script CMakeFiles/cmTryCompileExec3742970670.dir/link.txt --verbose=1
/usr/bin/cc   -O3     CMakeFiles/cmTryCompileExec3742970670.dir/CheckSymbolExists.c.o  -o cmTryCompileExec3742970670 -rdynamic 
CMakeFiles/cmTryCompileExec3742970670.dir/CheckSymbolExists.c.o: In function `main':
CheckSymbolExists.c:(.text.startup+0x6): undefined reference to `pthread_create'
collect2: error: ld returned 1 exit status
make[1]: *** [cmTryCompileExec3742970670] Error 1
make[1]: Leaving directory `/home/yikun/Workspaces/dqn-in-the-caffe/xitari/CMakeFiles/CMakeTmp'
make: *** [cmTryCompileExec3742970670/fast] Error 2

File /home/yikun/Workspaces/dqn-in-the-caffe/xitari/CMakeFiles/CMakeTmp/CheckSymbolExists.c:
/* */
#include <pthread.h>

int main(int argc, char** argv)
{
  (void)argv;
#ifndef pthread_create
  return ((int*)(&pthread_create))[argc];
#else
  (void)argc;
  return 0;
#endif
}

Determining if the function pthread_create exists in the pthreads failed with the following output:
Change Dir: /home/yikun/Workspaces/dqn-in-the-caffe/xitari/CMakeFiles/CMakeTmp

Run Build Command:/usr/bin/make "cmTryCompileExec864468/fast"
/usr/bin/make -f CMakeFiles/cmTryCompileExec864468.dir/build.make CMakeFiles/cmTryCompileExec864468.dir/build
make[1]: Entering directory `/home/yikun/Workspaces/dqn-in-the-caffe/xitari/CMakeFiles/CMakeTmp'
/usr/bin/cmake -E cmake_progress_report /home/yikun/Workspaces/dqn-in-the-caffe/xitari/CMakeFiles/CMakeTmp/CMakeFiles 1
Building C object CMakeFiles/cmTryCompileExec864468.dir/CheckFunctionExists.c.o
/usr/bin/cc   -O3 -DCHECK_FUNCTION_EXISTS=pthread_create   -o CMakeFiles/cmTryCompileExec864468.dir/CheckFunctionExists.c.o   -c /usr/share/cmake-2.8/Modules/CheckFunctionExists.c
Linking C executable cmTryCompileExec864468
/usr/bin/cmake -E cmake_link_script CMakeFiles/cmTryCompileExec864468.dir/link.txt --verbose=1
/usr/bin/cc   -O3 -DCHECK_FUNCTION_EXISTS=pthread_create    CMakeFiles/cmTryCompileExec864468.dir/CheckFunctionExists.c.o  -o cmTryCompileExec864468 -rdynamic -lpthreads 
/usr/bin/ld: cannot find -lpthreads
collect2: error: ld returned 1 exit status
make[1]: *** [cmTryCompileExec864468] Error 1
make[1]: Leaving directory `/home/yikun/Workspaces/dqn-in-the-caffe/xitari/CMakeFiles/CMakeTmp'
make: *** [cmTryCompileExec864468/fast] Error 2


